INFO:root:Client object created
INFO:root:Client object created
INFO:root:Client object created
INFO:root:Client object created
INFO:root:Client object created
INFO:root:Entered the context of a View object
DEBUG:root:Passed View object to IRC Client
DEBUG:root:IRC Client is subscribed to the View (to receive user input)
DEBUG:asyncio:Using selector: KqueueSelector
DEBUG:root:Character int: 113
DEBUG:root:Signifies end of process
DEBUG:root:Exiting context and closing View object
DEBUG:root:Closing IRC Client object
INFO:root:Client object created
INFO:root:Entered the context of a View object
DEBUG:root:Passed View object to IRC Client
DEBUG:root:IRC Client is subscribed to the View (to receive user input)
DEBUG:asyncio:Using selector: KqueueSelector
DEBUG:root:Character int: 47
DEBUG:root:Character int: 113
DEBUG:root:Character int: 117
DEBUG:root:Character int: 105
DEBUG:root:Character int: 116
DEBUG:root:Character int: 10
DEBUG:root:Input line: /quit
INFO:root:IRCClient.update -> msg: /quit
DEBUG:root:KeyboardInterrupt detected within the view
DEBUG:root:Signifies end of process
DEBUG:root:Exiting context and closing View object
DEBUG:root:Closing IRC Client object
INFO:root:Client object created
INFO:root:Entered the context of a View object
DEBUG:root:Passed View object to IRC Client
DEBUG:root:IRC Client is subscribed to the View (to receive user input)
DEBUG:asyncio:Using selector: KqueueSelector
DEBUG:root:Character int: 47
DEBUG:root:Character int: 113
DEBUG:root:Character int: 117
DEBUG:root:Character int: 105
DEBUG:root:Character int: 116
DEBUG:root:Character int: 10
DEBUG:root:Input line: /quit
INFO:root:IRCClient.update -> msg: /quit
DEBUG:root:KeyboardInterrupt detected within the view
DEBUG:root:Signifies end of process
DEBUG:root:Exiting context and closing View object
DEBUG:root:Closing IRC Client object
INFO:root:Client object created
